# JRE version: OpenJDK Runtime Environment Temurin-21.0.8+9 (21.0.8+9) (build 21.0.8+9-LTS)
# Java VM: OpenJDK 64-Bit Server VM Temurin-21.0.8+9 (21.0.8+9-LTS, mixed mode, sharing, tiered, compressed oops, compressed class ptrs, parallel gc, windows-amd64)
GC Precious Log:
 CardTable entry size: 512
 CPUs: 16 total, 16 available
 Memory: 15557M
 Large Page Support: Disabled
 NUMA Support: Disabled
 Compressed Oops: Enabled (32-bit)
 Alignments: Space 512K, Generation 512K, Heap 2M
 Heap Min Capacity: 100M
 Heap Initial Capacity: 100M
 Heap Max Capacity: 2G
 Pre-touch: Disabled
 Parallel Workers: 13
Heap:
 PSYoungGen      total 7168K, used 3664K [0x00000000d5580000, 0x00000000d5f80000, 0x0000000100000000)
  eden space 6144K, 48% used [0x00000000d5580000,0x00000000d5870110,0x00000000d5b80000)
  from space 1024K, 64% used [0x00000000d5e80000,0x00000000d5f24010,0x00000000d5f80000)
  to   space 1024K, 0% used [0x00000000d5d80000,0x00000000d5d80000,0x00000000d5e80000)
 ParOldGen       total 500736K, used 500731K [0x0000000080000000, 0x000000009e900000, 0x00000000d5580000)
  object space 500736K, 99% used [0x0000000080000000,0x000000009e8fedb8,0x000000009e900000)
 Metaspace       used 71876K, committed 73280K, reserved 1114112K
  class space    used 7739K, committed 8384K, reserved 1048576K
GC Heap History (20 events):
Event: 22.507 GC heap before
{Heap before GC invocations=300 (full 3):
 PSYoungGen      total 6656K, used 6591K [0x00000000d5580000, 0x00000000d5e80000, 0x0000000100000000)
  eden space 4096K, 99% used [0x00000000d5580000,0x00000000d597ffd8,0x00000000d5980000)
  from space 2560K, 97% used [0x00000000d5c00000,0x00000000d5e70000,0x00000000d5e80000)
  to   space 2560K, 0% used [0x00000000d5980000,0x00000000d5980000,0x00000000d5c00000)
 ParOldGen       total 493056K, used 492838K [0x0000000080000000, 0x000000009e180000, 0x00000000d5580000)
  object space 493056K, 99% used [0x0000000080000000,0x000000009e149808,0x000000009e180000)
 Metaspace       used 67398K, committed 68672K, reserved 1114112K
  class space    used 7201K, committed 7744K, reserved 1048576K
}
Event: 22.509 GC heap after
{Heap after GC invocations=300 (full 3):
 PSYoungGen      total 6656K, used 2560K [0x00000000d5580000, 0x00000000d6680000, 0x0000000100000000)
  eden space 4096K, 0% used [0x00000000d5580000,0x00000000d5580000,0x00000000d5980000)
  from space 2560K, 100% used [0x00000000d5980000,0x00000000d5c00000,0x00000000d5c00000)
  to   space 6144K, 0% used [0x00000000d6080000,0x00000000d6080000,0x00000000d6680000)
 ParOldGen       total 495616K, used 495510K [0x0000000080000000, 0x000000009e400000, 0x00000000d5580000)
  object space 495616K, 99% used [0x0000000080000000,0x000000009e3e5808,0x000000009e400000)
 Metaspace       used 67398K, committed 68672K, reserved 1114112K
  class space    used 7201K, committed 7744K, reserved 1048576K
}
Event: 22.558 GC heap before
{Heap before GC invocations=301 (full 3):
 PSYoungGen      total 6656K, used 6652K [0x00000000d5580000, 0x00000000d6680000, 0x0000000100000000)
  eden space 4096K, 99% used [0x00000000d5580000,0x00000000d597f310,0x00000000d5980000)
  from space 2560K, 100% used [0x00000000d5980000,0x00000000d5c00000,0x00000000d5c00000)
  to   space 6144K, 0% used [0x00000000d6080000,0x00000000d6080000,0x00000000d6680000)
 ParOldGen       total 495616K, used 495510K [0x0000000080000000, 0x000000009e400000, 0x00000000d5580000)
  object space 495616K, 99% used [0x0000000080000000,0x000000009e3e5808,0x000000009e400000)
 Metaspace       used 67597K, committed 68928K, reserved 1114112K
  class space    used 7204K, committed 7808K, reserved 1048576K
}
Event: 22.560 GC heap after
{Heap after GC invocations=301 (full 3):
 PSYoungGen      total 6656K, used 1408K [0x00000000d5580000, 0x00000000d6200000, 0x0000000100000000)
  eden space 5120K, 0% used [0x00000000d5580000,0x00000000d5580000,0x00000000d5a80000)
  from space 1536K, 91% used [0x00000000d6080000,0x00000000d61e0020,0x00000000d6200000)
  to   space 3072K, 0% used [0x00000000d5c00000,0x00000000d5c00000,0x00000000d5f00000)
 ParOldGen       total 498176K, used 498126K [0x0000000080000000, 0x000000009e680000, 0x00000000d5580000)
  object space 498176K, 99% used [0x0000000080000000,0x000000009e673808,0x000000009e680000)
 Metaspace       used 67597K, committed 68928K, reserved 1114112K
  class space    used 7204K, committed 7808K, reserved 1048576K
}
Event: 22.654 GC heap before
{Heap before GC invocations=302 (full 3):
 PSYoungGen      total 6656K, used 6528K [0x00000000d5580000, 0x00000000d6200000, 0x0000000100000000)
  eden space 5120K, 100% used [0x00000000d5580000,0x00000000d5a80000,0x00000000d5a80000)
  from space 1536K, 91% used [0x00000000d6080000,0x00000000d61e0020,0x00000000d6200000)
  to   space 3072K, 0% used [0x00000000d5c00000,0x00000000d5c00000,0x00000000d5f00000)
 ParOldGen       total 498176K, used 498126K [0x0000000080000000, 0x000000009e680000, 0x00000000d5580000)
  object space 498176K, 99% used [0x0000000080000000,0x000000009e673808,0x000000009e680000)
 Metaspace       used 68205K, committed 69568K, reserved 1114112K
  class space    used 7280K, committed 7872K, reserved 1048576K
}
Event: 22.655 GC heap after
{Heap after GC invocations=302 (full 3):
 PSYoungGen      total 9216K, used 480K [0x00000000d5580000, 0x00000000d6100000, 0x0000000100000000)
  eden space 6144K, 0% used [0x00000000d5580000,0x00000000d5580000,0x00000000d5b80000)
  from space 3072K, 15% used [0x00000000d5c00000,0x00000000d5c78000,0x00000000d5f00000)
  to   space 1536K, 0% used [0x00000000d5f80000,0x00000000d5f80000,0x00000000d6100000)
 ParOldGen       total 499712K, used 499289K [0x0000000080000000, 0x000000009e800000, 0x00000000d5580000)
  object space 499712K, 99% used [0x0000000080000000,0x000000009e796718,0x000000009e800000)
 Metaspace       used 68205K, committed 69568K, reserved 1114112K
  class space    used 7280K, committed 7872K, reserved 1048576K
}
Event: 22.680 GC heap before
{Heap before GC invocations=303 (full 3):
 PSYoungGen      total 9216K, used 6624K [0x00000000d5580000, 0x00000000d6100000, 0x0000000100000000)
  eden space 6144K, 100% used [0x00000000d5580000,0x00000000d5b80000,0x00000000d5b80000)
  from space 3072K, 15% used [0x00000000d5c00000,0x00000000d5c78000,0x00000000d5f00000)
  to   space 1536K, 0% used [0x00000000d5f80000,0x00000000d5f80000,0x00000000d6100000)
 ParOldGen       total 499712K, used 499289K [0x0000000080000000, 0x000000009e800000, 0x00000000d5580000)
  object space 499712K, 99% used [0x0000000080000000,0x000000009e796718,0x000000009e800000)
 Metaspace       used 68403K, committed 69696K, reserved 1114112K
  class space    used 7288K, committed 7872K, reserved 1048576K
}
Event: 22.681 GC heap after
{Heap after GC invocations=303 (full 3):
 PSYoungGen      total 6656K, used 320K [0x00000000d5580000, 0x00000000d6000000, 0x0000000100000000)
  eden space 6144K, 0% used [0x00000000d5580000,0x00000000d5580000,0x00000000d5b80000)
  from space 512K, 62% used [0x00000000d5f80000,0x00000000d5fd0000,0x00000000d6000000)
  to   space 512K, 0% used [0x00000000d5f00000,0x00000000d5f00000,0x00000000d5f80000)
 ParOldGen       total 499712K, used 499521K [0x0000000080000000, 0x000000009e800000, 0x00000000d5580000)
  object space 499712K, 99% used [0x0000000080000000,0x000000009e7d0718,0x000000009e800000)
 Metaspace       used 68403K, committed 69696K, reserved 1114112K
  class space    used 7288K, committed 7872K, reserved 1048576K
}
Event: 24.551 GC heap before
{Heap before GC invocations=304 (full 3):
 PSYoungGen      total 6656K, used 6464K [0x00000000d5580000, 0x00000000d6000000, 0x0000000100000000)
  eden space 6144K, 100% used [0x00000000d5580000,0x00000000d5b80000,0x00000000d5b80000)
  from space 512K, 62% used [0x00000000d5f80000,0x00000000d5fd0000,0x00000000d6000000)
  to   space 512K, 0% used [0x00000000d5f00000,0x00000000d5f00000,0x00000000d5f80000)
 ParOldGen       total 499712K, used 499521K [0x0000000080000000, 0x000000009e800000, 0x00000000d5580000)
  object space 499712K, 99% used [0x0000000080000000,0x000000009e7d0718,0x000000009e800000)
 Metaspace       used 68851K, committed 70144K, reserved 1114112K
  class space    used 7347K, committed 7936K, reserved 1048576K
}
Event: 24.552 GC heap after
{Heap after GC invocations=304 (full 3):
 PSYoungGen      total 6656K, used 512K [0x00000000d5580000, 0x00000000d6000000, 0x0000000100000000)
  eden space 6144K, 0% used [0x00000000d5580000,0x00000000d5580000,0x00000000d5b80000)
  from space 512K, 100% used [0x00000000d5f00000,0x00000000d5f80000,0x00000000d5f80000)
  to   space 512K, 0% used [0x00000000d5f80000,0x00000000d5f80000,0x00000000d6000000)
 ParOldGen       total 499712K, used 499569K [0x0000000080000000, 0x000000009e800000, 0x00000000d5580000)
  object space 499712K, 99% used [0x0000000080000000,0x000000009e7dc718,0x000000009e800000)
 Metaspace       used 68851K, committed 70144K, reserved 1114112K
  class space    used 7347K, committed 7936K, reserved 1048576K
}
Event: 25.207 GC heap before
{Heap before GC invocations=305 (full 3):
 PSYoungGen      total 6656K, used 6656K [0x00000000d5580000, 0x00000000d6000000, 0x0000000100000000)
  eden space 6144K, 100% used [0x00000000d5580000,0x00000000d5b80000,0x00000000d5b80000)
  from space 512K, 100% used [0x00000000d5f00000,0x00000000d5f80000,0x00000000d5f80000)
  to   space 512K, 0% used [0x00000000d5f80000,0x00000000d5f80000,0x00000000d6000000)
 ParOldGen       total 499712K, used 499569K [0x0000000080000000, 0x000000009e800000, 0x00000000d5580000)
  object space 499712K, 99% used [0x0000000080000000,0x000000009e7dc718,0x000000009e800000)
 Metaspace       used 69605K, committed 70848K, reserved 1114112K
  class space    used 7441K, committed 8000K, reserved 1048576K
}
Event: 25.208 GC heap after
{Heap after GC invocations=305 (full 3):
 PSYoungGen      total 6656K, used 512K [0x00000000d5580000, 0x00000000d6000000, 0x0000000100000000)
  eden space 6144K, 0% used [0x00000000d5580000,0x00000000d5580000,0x00000000d5b80000)
  from space 512K, 100% used [0x00000000d5f80000,0x00000000d6000000,0x00000000d6000000)
  to   space 1024K, 0% used [0x00000000d5e00000,0x00000000d5e00000,0x00000000d5f00000)
 ParOldGen       total 500224K, used 499936K [0x0000000080000000, 0x000000009e880000, 0x00000000d5580000)
  object space 500224K, 99% used [0x0000000080000000,0x000000009e838158,0x000000009e880000)
 Metaspace       used 69605K, committed 70848K, reserved 1114112K
  class space    used 7441K, committed 8000K, reserved 1048576K
}
Event: 25.270 GC heap before
{Heap before GC invocations=306 (full 3):
 PSYoungGen      total 6656K, used 6656K [0x00000000d5580000, 0x00000000d6000000, 0x0000000100000000)
  eden space 6144K, 100% used [0x00000000d5580000,0x00000000d5b80000,0x00000000d5b80000)
  from space 512K, 100% used [0x00000000d5f80000,0x00000000d6000000,0x00000000d6000000)
  to   space 1024K, 0% used [0x00000000d5e00000,0x00000000d5e00000,0x00000000d5f00000)
 ParOldGen       total 500224K, used 499936K [0x0000000080000000, 0x000000009e880000, 0x00000000d5580000)
  object space 500224K, 99% used [0x0000000080000000,0x000000009e838158,0x000000009e880000)
 Metaspace       used 70481K, committed 71808K, reserved 1114112K
  class space    used 7573K, committed 8192K, reserved 1048576K
}
Event: 25.271 GC heap after
{Heap after GC invocations=306 (full 3):
 PSYoungGen      total 7168K, used 416K [0x00000000d5580000, 0x00000000d6000000, 0x0000000100000000)
  eden space 6144K, 0% used [0x00000000d5580000,0x00000000d5580000,0x00000000d5b80000)
  from space 1024K, 40% used [0x00000000d5e00000,0x00000000d5e68000,0x00000000d5f00000)
  to   space 1024K, 0% used [0x00000000d5f00000,0x00000000d5f00000,0x00000000d6000000)
 ParOldGen       total 500736K, used 500238K [0x0000000080000000, 0x000000009e900000, 0x00000000d5580000)
  object space 500736K, 99% used [0x0000000080000000,0x000000009e883a60,0x000000009e900000)
 Metaspace       used 70481K, committed 71808K, reserved 1114112K
  class space    used 7573K, committed 8192K, reserved 1048576K
}
Event: 25.333 GC heap before
{Heap before GC invocations=307 (full 3):
 PSYoungGen      total 7168K, used 6560K [0x00000000d5580000, 0x00000000d6000000, 0x0000000100000000)
  eden space 6144K, 100% used [0x00000000d5580000,0x00000000d5b80000,0x00000000d5b80000)
  from space 1024K, 40% used [0x00000000d5e00000,0x00000000d5e68000,0x00000000d5f00000)
  to   space 1024K, 0% used [0x00000000d5f00000,0x00000000d5f00000,0x00000000d6000000)
 ParOldGen       total 500736K, used 500238K [0x0000000080000000, 0x000000009e900000, 0x00000000d5580000)
  object space 500736K, 99% used [0x0000000080000000,0x000000009e883a60,0x000000009e900000)
 Metaspace       used 71327K, committed 72704K, reserved 1114112K
  class space    used 7707K, committed 8320K, reserved 1048576K
}
Event: 25.334 GC heap after
{Heap after GC invocations=307 (full 3):
 PSYoungGen      total 6656K, used 512K [0x00000000d5580000, 0x00000000d5f80000, 0x0000000100000000)
  eden space 6144K, 0% used [0x00000000d5580000,0x00000000d5580000,0x00000000d5b80000)
  from space 512K, 100% used [0x00000000d5f00000,0x00000000d5f80000,0x00000000d5f80000)
  to   space 1024K, 0% used [0x00000000d5d80000,0x00000000d5d80000,0x00000000d5e80000)
 ParOldGen       total 500736K, used 500358K [0x0000000080000000, 0x000000009e900000, 0x00000000d5580000)
  object space 500736K, 99% used [0x0000000080000000,0x000000009e8a1a60,0x000000009e900000)
 Metaspace       used 71327K, committed 72704K, reserved 1114112K
  class space    used 7707K, committed 8320K, reserved 1048576K
}
Event: 25.371 GC heap before
{Heap before GC invocations=308 (full 3):
 PSYoungGen      total 6656K, used 6656K [0x00000000d5580000, 0x00000000d5f80000, 0x0000000100000000)
  eden space 6144K, 100% used [0x00000000d5580000,0x00000000d5b80000,0x00000000d5b80000)
  from space 512K, 100% used [0x00000000d5f00000,0x00000000d5f80000,0x00000000d5f80000)
  to   space 1024K, 0% used [0x00000000d5d80000,0x00000000d5d80000,0x00000000d5e80000)
 ParOldGen       total 500736K, used 500358K [0x0000000080000000, 0x000000009e900000, 0x00000000d5580000)
  object space 500736K, 99% used [0x0000000080000000,0x000000009e8a1a60,0x000000009e900000)
 Metaspace       used 71443K, committed 72832K, reserved 1114112K
  class space    used 7719K, committed 8320K, reserved 1048576K
}
Event: 25.372 GC heap after
{Heap after GC invocations=308 (full 3):
 PSYoungGen      total 7168K, used 928K [0x00000000d5580000, 0x00000000d5f80000, 0x0000000100000000)
  eden space 6144K, 0% used [0x00000000d5580000,0x00000000d5580000,0x00000000d5b80000)
  from space 1024K, 90% used [0x00000000d5d80000,0x00000000d5e68000,0x00000000d5e80000)
  to   space 1024K, 0% used [0x00000000d5e80000,0x00000000d5e80000,0x00000000d5f80000)
 ParOldGen       total 500736K, used 500627K [0x0000000080000000, 0x000000009e900000, 0x00000000d5580000)
  object space 500736K, 99% used [0x0000000080000000,0x000000009e8e4db8,0x000000009e900000)
 Metaspace       used 71443K, committed 72832K, reserved 1114112K
  class space    used 7719K, committed 8320K, reserved 1048576K
}
Event: 30.860 GC heap before
{Heap before GC invocations=309 (full 3):
 PSYoungGen      total 7168K, used 7072K [0x00000000d5580000, 0x00000000d5f80000, 0x0000000100000000)
  eden space 6144K, 100% used [0x00000000d5580000,0x00000000d5b80000,0x00000000d5b80000)
  from space 1024K, 90% used [0x00000000d5d80000,0x00000000d5e68000,0x00000000d5e80000)
  to   space 1024K, 0% used [0x00000000d5e80000,0x00000000d5e80000,0x00000000d5f80000)
 ParOldGen       total 500736K, used 500627K [0x0000000080000000, 0x000000009e900000, 0x00000000d5580000)
  object space 500736K, 99% used [0x0000000080000000,0x000000009e8e4db8,0x000000009e900000)
 Metaspace       used 71722K, committed 73088K, reserved 1114112K
  class space    used 7736K, committed 8384K, reserved 1048576K
}
Event: 30.861 GC heap after
{Heap after GC invocations=309 (full 3):
 PSYoungGen      total 7168K, used 656K [0x00000000d5580000, 0x00000000d5f80000, 0x0000000100000000)
  eden space 6144K, 0% used [0x00000000d5580000,0x00000000d5580000,0x00000000d5b80000)
  from space 1024K, 64% used [0x00000000d5e80000,0x00000000d5f24010,0x00000000d5f80000)
  to   space 1024K, 0% used [0x00000000d5d80000,0x00000000d5d80000,0x00000000d5e80000)
 ParOldGen       total 500736K, used 500731K [0x0000000080000000, 0x000000009e900000, 0x00000000d5580000)
  object space 500736K, 99% used [0x0000000080000000,0x000000009e8fedb8,0x000000009e900000)
 Metaspace       used 71722K, committed 73088K, reserved 1114112K
  class space    used 7736K, committed 8384K, reserved 1048576K
}

